This file contains any messages produced by compilers while
running configure, to aid debugging if configure makes a mistake.

It was created by configure, which was
generated by GNU Autoconf 2.71.  Invocation command line was

  $ ./configure --enable-spech

## --------- ##
## Platform. ##
## --------- ##

hostname = spechshop
uname -m = x86_64
uname -r = 6.14.0-27-generic
uname -s = Linux
uname -v = #27~24.04.1-Ubuntu SMP PREEMPT_DYNAMIC Tue Jul 22 17:38:49 UTC 2

/usr/bin/uname -p = x86_64
/bin/uname -X     = unknown

/bin/arch              = x86_64
/usr/bin/arch -k       = unknown
/usr/convex/getsysinfo = unknown
/usr/bin/hostinfo      = unknown
/bin/machine           = unknown
/usr/bin/oslevel       = unknown
/bin/universe          = unknown

PATH: /home/lotus/.nvm/versions/node/v22.16.0/bin/
PATH: /home/lotus/.local/bin/
PATH: /usr/local/sbin/
PATH: /usr/local/bin/
PATH: /usr/sbin/
PATH: /usr/bin/
PATH: /sbin/
PATH: /bin/
PATH: /usr/games/
PATH: /usr/local/games/
PATH: /snap/bin/
PATH: /snap/bin/
PATH: /home/lotus/go/bin/


## ----------- ##
## Core tests. ##
## ----------- ##

configure:2363: looking for aux files: ltmain.sh config.guess config.sub
configure:2376:  trying ./build/
configure:2405:   ./build/ltmain.sh found
configure:2405:   ./build/config.guess found
configure:2405:   ./build/config.sub found
configure:2522: checking for grep that handles long lines and -e
configure:2586: result: /usr/bin/grep
configure:2591: checking for egrep
configure:2659: result: /usr/bin/grep -E
configure:2664: checking for a sed that does not truncate output
configure:2734: result: /usr/bin/sed
configure:2878: checking for pkg-config
configure:2901: found /usr/bin/pkg-config
configure:2913: result: /usr/bin/pkg-config
configure:2938: checking pkg-config is at least version 0.9.0
configure:2941: result: yes
configure:3017: checking for cc
configure:3038: found /usr/bin/cc
configure:3049: result: cc
configure:3080: checking for C compiler version
configure:3089: cc --version >&5
cc (Ubuntu 13.3.0-6ubuntu2~24.04) 13.3.0
Copyright (C) 2023 Free Software Foundation, Inc.
This is free software; see the source for copying conditions.  There is NO
warranty; not even for MERCHANTABILITY or FITNESS FOR A PARTICULAR PURPOSE.

configure:3100: $? = 0
configure:3089: cc -v >&5
Using built-in specs.
COLLECT_GCC=cc
COLLECT_LTO_WRAPPER=/usr/libexec/gcc/x86_64-linux-gnu/13/lto-wrapper
OFFLOAD_TARGET_NAMES=nvptx-none:amdgcn-amdhsa
OFFLOAD_TARGET_DEFAULT=1
Target: x86_64-linux-gnu
Configured with: ../src/configure -v --with-pkgversion='Ubuntu 13.3.0-6ubuntu2~24.04' --with-bugurl=file:///usr/share/doc/gcc-13/README.Bugs --enable-languages=c,ada,c++,go,d,fortran,objc,obj-c++,m2 --prefix=/usr --with-gcc-major-version-only --program-suffix=-13 --program-prefix=x86_64-linux-gnu- --enable-shared --enable-linker-build-id --libexecdir=/usr/libexec --without-included-gettext --enable-threads=posix --libdir=/usr/lib --enable-nls --enable-bootstrap --enable-clocale=gnu --enable-libstdcxx-debug --enable-libstdcxx-time=yes --with-default-libstdcxx-abi=new --enable-libstdcxx-backtrace --enable-gnu-unique-object --disable-vtable-verify --enable-plugin --enable-default-pie --with-system-zlib --enable-libphobos-checking=release --with-target-system-zlib=auto --enable-objc-gc=auto --enable-multiarch --disable-werror --enable-cet --with-arch-32=i686 --with-abi=m64 --with-multilib-list=m32,m64,mx32 --enable-multilib --with-tune=generic --enable-offload-targets=nvptx-none=/build/gcc-13-fG75Ri/gcc-13-13.3.0/debian/tmp-nvptx/usr,amdgcn-amdhsa=/build/gcc-13-fG75Ri/gcc-13-13.3.0/debian/tmp-gcn/usr --enable-offload-defaulted --without-cuda-driver --enable-checking=release --build=x86_64-linux-gnu --host=x86_64-linux-gnu --target=x86_64-linux-gnu --with-build-config=bootstrap-lto-lean --enable-link-serialization=2
Thread model: posix
Supported LTO compression algorithms: zlib zstd
gcc version 13.3.0 (Ubuntu 13.3.0-6ubuntu2~24.04) 
... rest of stderr output deleted ...
configure:3100: $? = 0
configure:3089: cc -V >&5
cc: error: unrecognized command-line option '-V'
cc: fatal error: no input files
compilation terminated.
configure:3100: $? = 1
configure:3089: cc -qversion >&5
cc: error: unrecognized command-line option '-qversion'; did you mean '--version'?
cc: fatal error: no input files
compilation terminated.
configure:3100: $? = 1
configure:3089: cc -version >&5
cc: error: unrecognized command-line option '-version'
cc: fatal error: no input files
compilation terminated.
configure:3100: $? = 1
configure:3120: checking whether the C compiler works
configure:3142: cc    conftest.c  >&5
configure:3146: $? = 0
configure:3196: result: yes
configure:3199: checking for C compiler default output file name
configure:3201: result: a.out
configure:3207: checking for suffix of executables
configure:3214: cc -o conftest    conftest.c  >&5
configure:3218: $? = 0
configure:3241: result: 
configure:3263: checking whether we are cross compiling
configure:3271: cc -o conftest    conftest.c  >&5
configure:3275: $? = 0
configure:3282: ./conftest
configure:3286: $? = 0
configure:3301: result: no
configure:3306: checking for suffix of object files
configure:3329: cc -c   conftest.c >&5
configure:3333: $? = 0
configure:3355: result: o
configure:3359: checking whether the compiler supports GNU C
configure:3379: cc -c   conftest.c >&5
configure:3379: $? = 0
configure:3389: result: yes
configure:3400: checking whether cc accepts -g
configure:3421: cc -c -g  conftest.c >&5
configure:3421: $? = 0
configure:3465: result: yes
configure:3485: checking for cc option to enable C11 features
configure:3500: cc  -c -g -O2  conftest.c >&5
configure:3500: $? = 0
configure:3518: result: none needed
configure:3634: checking how to run the C preprocessor
configure:3660: cc -E  conftest.c
configure:3660: $? = 0
configure:3675: cc -E  conftest.c
conftest.c:9:10: fatal error: ac_nonexistent.h: No such file or directory
    9 | #include <ac_nonexistent.h>
      |          ^~~~~~~~~~~~~~~~~~
compilation terminated.
configure:3675: $? = 1
configure: failed program was:
| /* confdefs.h */
| #define PACKAGE_NAME ""
| #define PACKAGE_TARNAME ""
| #define PACKAGE_VERSION ""
| #define PACKAGE_STRING ""
| #define PACKAGE_BUGREPORT ""
| #define PACKAGE_URL ""
| /* end confdefs.h.  */
| #include <ac_nonexistent.h>
configure:3702: result: cc -E
configure:3716: cc -E  conftest.c
configure:3716: $? = 0
configure:3731: cc -E  conftest.c
conftest.c:9:10: fatal error: ac_nonexistent.h: No such file or directory
    9 | #include <ac_nonexistent.h>
      |          ^~~~~~~~~~~~~~~~~~
compilation terminated.
configure:3731: $? = 1
configure: failed program was:
| /* confdefs.h */
| #define PACKAGE_NAME ""
| #define PACKAGE_TARNAME ""
| #define PACKAGE_VERSION ""
| #define PACKAGE_STRING ""
| #define PACKAGE_BUGREPORT ""
| #define PACKAGE_URL ""
| /* end confdefs.h.  */
| #include <ac_nonexistent.h>
configure:3764: checking for icc
configure:3774: result: no
configure:3788: checking for suncc
configure:3798: result: no
configure:3816: checking for system library directory
configure:3832: result: lib
configure:3839: checking if compiler supports -Wl,-rpath,
configure:3859: cc -o conftest -g -O2   conftest.c -Wl,-rpath,/usr/lib  >&5
configure:3859: $? = 0
configure:3870: result: yes
configure:3925: checking build system type
configure:3940: result: x86_64-pc-linux-gnu
configure:3960: checking host system type
configure:3974: result: x86_64-pc-linux-gnu
configure:3994: checking target system type
configure:4008: result: x86_64-pc-linux-gnu
configure:4112: checking for PHP prefix
configure:4114: result: /usr
configure:4116: checking for PHP includes
configure:4118: result: -I/usr/include/php/20230831 -I/usr/include/php/20230831/main -I/usr/include/php/20230831/TSRM -I/usr/include/php/20230831/Zend -I/usr/include/php/20230831/ext -I/usr/include/php/20230831/ext/date/lib
configure:4120: checking for PHP extension directory
configure:4122: result: /usr/lib/php/20230831
configure:4124: checking for PHP installed headers prefix
configure:4126: result: /usr/include/php/20230831
configure:4129: checking if debug is enabled
configure:4156: result: no
configure:4159: checking if zts is enabled
configure:4186: result: no
configure:4254: checking for gawk
configure:4290: result: no
configure:4254: checking for nawk
configure:4276: found /usr/bin/nawk
configure:4287: result: nawk
configure:4310: checking if nawk is broken
configure:4317: result: no
configure:4331: checking whether to enable spech support
configure:4371: result: yes, shared
configure:4693: checking how to print strings
configure:4720: result: printf
configure:4741: checking for a sed that does not truncate output
configure:4811: result: /usr/bin/sed
configure:4829: checking for fgrep
configure:4897: result: /usr/bin/grep -F
configure:4933: checking for ld used by cc
configure:5001: result: /usr/bin/ld
configure:5008: checking if the linker (/usr/bin/ld) is GNU ld
configure:5024: result: yes
configure:5036: checking for BSD- or MS-compatible name lister (nm)
configure:5091: result: /usr/bin/nm -B
configure:5231: checking the name lister (/usr/bin/nm -B) interface
configure:5239: cc -c -g -O2  conftest.c >&5
configure:5242: /usr/bin/nm -B "conftest.o"
configure:5245: output
0000000000000000 B some_variable
configure:5252: result: BSD nm
configure:5255: checking whether ln -s works
configure:5259: result: yes
configure:5267: checking the maximum length of command line arguments
configure:5399: result: 1572864
configure:5447: checking how to convert x86_64-pc-linux-gnu file names to x86_64-pc-linux-gnu format
configure:5488: result: func_convert_file_noop
configure:5495: checking how to convert x86_64-pc-linux-gnu file names to toolchain format
configure:5516: result: func_convert_file_noop
configure:5523: checking for /usr/bin/ld option to reload object files
configure:5531: result: -r
configure:5610: checking for file
configure:5631: found /usr/bin/file
configure:5642: result: file
configure:5718: checking for objdump
configure:5739: found /usr/bin/objdump
configure:5750: result: objdump
configure:5782: checking how to recognize dependent libraries
configure:5983: result: pass_all
configure:6073: checking for dlltool
configure:6108: result: no
configure:6138: checking how to associate runtime and link libraries
configure:6166: result: printf %s\n
configure:6231: checking for ar
configure:6252: found /usr/bin/ar
configure:6263: result: ar
configure:6316: checking for archiver @FILE support
configure:6334: cc -c -g -O2  conftest.c >&5
configure:6334: $? = 0
configure:6338: ar cr libconftest.a @conftest.lst >&5
configure:6341: $? = 0
configure:6346: ar cr libconftest.a @conftest.lst >&5
ar: conftest.o: No such file or directory
configure:6349: $? = 1
configure:6361: result: @
configure:6424: checking for strip
configure:6445: found /usr/bin/strip
configure:6456: result: strip
configure:6533: checking for ranlib
configure:6554: found /usr/bin/ranlib
configure:6565: result: ranlib
configure:6642: checking for gawk
configure:6674: result: nawk
configure:6714: checking command to parse /usr/bin/nm -B output from cc object
configure:6868: cc -c -g -O2  conftest.c >&5
configure:6871: $? = 0
configure:6875: /usr/bin/nm -B conftest.o | /usr/bin/sed -n -e 's/^.*[	 ]\([ABCDGIRSTW][ABCDGIRSTW]*\)[	 ][	 ]*\([_A-Za-z][_A-Za-z0-9]*\)$/\1 \2 \2/p' | /usr/bin/sed '/ __gnu_lto/d' > conftest.nm
configure:6941: cc -o conftest -g -O2   conftest.c conftstm.o >&5
configure:6944: $? = 0
configure:6982: result: ok
configure:7029: checking for sysroot
configure:7060: result: no
configure:7067: checking for a working dd
configure:7111: result: /usr/bin/dd
configure:7115: checking how to truncate binary pipes
configure:7131: result: /usr/bin/dd bs=4096 count=1
configure:7268: cc -c -g -O2  conftest.c >&5
configure:7271: $? = 0
configure:7468: checking for mt
configure:7489: found /usr/bin/mt
configure:7500: result: mt
configure:7523: checking if mt is a manifest tool
configure:7530: mt '-?'
configure:7538: result: no
configure:8263: checking for stdio.h
configure:8263: cc -c -g -O2  conftest.c >&5
configure:8263: $? = 0
configure:8263: result: yes
configure:8263: checking for stdlib.h
configure:8263: cc -c -g -O2  conftest.c >&5
configure:8263: $? = 0
configure:8263: result: yes
configure:8263: checking for string.h
configure:8263: cc -c -g -O2  conftest.c >&5
configure:8263: $? = 0
configure:8263: result: yes
configure:8263: checking for inttypes.h
configure:8263: cc -c -g -O2  conftest.c >&5
configure:8263: $? = 0
configure:8263: result: yes
configure:8263: checking for stdint.h
configure:8263: cc -c -g -O2  conftest.c >&5
configure:8263: $? = 0
configure:8263: result: yes
configure:8263: checking for strings.h
configure:8263: cc -c -g -O2  conftest.c >&5
configure:8263: $? = 0
configure:8263: result: yes
configure:8263: checking for sys/stat.h
configure:8263: cc -c -g -O2  conftest.c >&5
configure:8263: $? = 0
configure:8263: result: yes
configure:8263: checking for sys/types.h
configure:8263: cc -c -g -O2  conftest.c >&5
configure:8263: $? = 0
configure:8263: result: yes
configure:8263: checking for unistd.h
configure:8263: cc -c -g -O2  conftest.c >&5
configure:8263: $? = 0
configure:8263: result: yes
configure:8288: checking for dlfcn.h
configure:8288: cc -c -g -O2  conftest.c >&5
configure:8288: $? = 0
configure:8288: result: yes
configure:8547: checking for objdir
configure:8563: result: .libs
configure:8827: checking if cc supports -fno-rtti -fno-exceptions
configure:8846: cc -c -g -O2  -fno-rtti -fno-exceptions conftest.c >&5
cc1: warning: command-line option '-fno-rtti' is valid for C++/D/ObjC++ but not for C
configure:8850: $? = 0
configure:8863: result: no
configure:9227: checking for cc option to produce PIC
configure:9235: result: -fPIC -DPIC
configure:9243: checking if cc PIC flag -fPIC -DPIC works
configure:9262: cc -c -g -O2  -fPIC -DPIC -DPIC conftest.c >&5
configure:9266: $? = 0
configure:9279: result: yes
configure:9308: checking if cc static flag -static works
configure:9337: result: yes
configure:9352: checking if cc supports -c -o file.o
configure:9374: cc -c -g -O2  -o out/conftest2.o conftest.c >&5
configure:9378: $? = 0
configure:9400: result: yes
configure:9408: checking if cc supports -c -o file.o
configure:9456: result: yes
configure:9489: checking whether the cc linker (/usr/bin/ld -m elf_x86_64) supports shared libraries
configure:10763: result: yes
configure:10800: checking whether -lc should be explicitly linked in
configure:10809: cc -c -g -O2  conftest.c >&5
configure:10812: $? = 0
configure:10827: cc -shared  -fPIC -DPIC conftest.o  -v -Wl,-soname -Wl,conftest -o conftest 2\>\&1 \| /usr/bin/grep  -lc  \>/dev/null 2\>\&1
configure:10830: $? = 0
configure:10844: result: no
configure:11004: checking dynamic linker characteristics
configure:11586: cc -o conftest -g -O2   -Wl,-rpath -Wl,/foo conftest.c  >&5
configure:11586: $? = 0
configure:11837: result: GNU/Linux ld.so
configure:11959: checking how to hardcode library paths into programs
configure:11984: result: immediate
configure:12536: checking whether stripping libraries is possible
configure:12545: result: yes
configure:12587: checking if libtool supports shared libraries
configure:12589: result: yes
configure:12592: checking whether to build shared libraries
configure:12617: result: yes
configure:12620: checking whether to build static libraries
configure:12624: result: no
configure:12949: patching config.h.in
configure:12960: creating ./config.status

## ---------------------- ##
## Running config.status. ##
## ---------------------- ##

This file was extended by config.status, which was
generated by GNU Autoconf 2.71.  Invocation command line was

  CONFIG_FILES    = 
  CONFIG_HEADERS  = 
  CONFIG_LINKS    = 
  CONFIG_COMMANDS = 
  $ ./config.status 

on spechshop

config.status:883: creating config.h
config.status:973: config.h is unchanged
config.status:987: executing libtool commands

## ---------------- ##
## Cache variables. ##
## ---------------- ##

ac_cv_build=x86_64-pc-linux-gnu
ac_cv_c_compiler_gnu=yes
ac_cv_env_CC_set=
ac_cv_env_CC_value=
ac_cv_env_CFLAGS_set=
ac_cv_env_CFLAGS_value=
ac_cv_env_CPPFLAGS_set=
ac_cv_env_CPPFLAGS_value=
ac_cv_env_CPP_set=
ac_cv_env_CPP_value=
ac_cv_env_LDFLAGS_set=
ac_cv_env_LDFLAGS_value=
ac_cv_env_LIBS_set=
ac_cv_env_LIBS_value=
ac_cv_env_LT_SYS_LIBRARY_PATH_set=
ac_cv_env_LT_SYS_LIBRARY_PATH_value=
ac_cv_env_PKG_CONFIG_LIBDIR_set=
ac_cv_env_PKG_CONFIG_LIBDIR_value=
ac_cv_env_PKG_CONFIG_PATH_set=
ac_cv_env_PKG_CONFIG_PATH_value=
ac_cv_env_PKG_CONFIG_set=
ac_cv_env_PKG_CONFIG_value=
ac_cv_env_build_alias_set=
ac_cv_env_build_alias_value=
ac_cv_env_host_alias_set=
ac_cv_env_host_alias_value=
ac_cv_env_target_alias_set=
ac_cv_env_target_alias_value=
ac_cv_header_dlfcn_h=yes
ac_cv_header_inttypes_h=yes
ac_cv_header_stdint_h=yes
ac_cv_header_stdio_h=yes
ac_cv_header_stdlib_h=yes
ac_cv_header_string_h=yes
ac_cv_header_strings_h=yes
ac_cv_header_sys_stat_h=yes
ac_cv_header_sys_types_h=yes
ac_cv_header_unistd_h=yes
ac_cv_host=x86_64-pc-linux-gnu
ac_cv_objext=o
ac_cv_path_EGREP='/usr/bin/grep -E'
ac_cv_path_FGREP='/usr/bin/grep -F'
ac_cv_path_GREP=/usr/bin/grep
ac_cv_path_SED=/usr/bin/sed
ac_cv_path_ac_pt_PKG_CONFIG=/usr/bin/pkg-config
ac_cv_path_lt_DD=/usr/bin/dd
ac_cv_prog_AWK=nawk
ac_cv_prog_CPP='cc -E'
ac_cv_prog_ac_ct_AR=ar
ac_cv_prog_ac_ct_CC=cc
ac_cv_prog_ac_ct_FILECMD=file
ac_cv_prog_ac_ct_MANIFEST_TOOL=mt
ac_cv_prog_ac_ct_OBJDUMP=objdump
ac_cv_prog_ac_ct_RANLIB=ranlib
ac_cv_prog_ac_ct_STRIP=strip
ac_cv_prog_cc_c11=
ac_cv_prog_cc_g=yes
ac_cv_prog_cc_stdc=
ac_cv_target=x86_64-pc-linux-gnu
lt_cv_ar_at_file=@
lt_cv_archive_cmds_need_lc=no
lt_cv_deplibs_check_method=pass_all
lt_cv_file_magic_cmd='$MAGIC_CMD'
lt_cv_file_magic_test_file=
lt_cv_ld_reload_flag=-r
lt_cv_nm_interface='BSD nm'
lt_cv_objdir=.libs
lt_cv_path_LD=/usr/bin/ld
lt_cv_path_NM='/usr/bin/nm -B'
lt_cv_path_mainfest_tool=no
lt_cv_prog_compiler_c_o=yes
lt_cv_prog_compiler_pic='-fPIC -DPIC'
lt_cv_prog_compiler_pic_works=yes
lt_cv_prog_compiler_rtti_exceptions=no
lt_cv_prog_compiler_static_works=yes
lt_cv_prog_gnu_ld=yes
lt_cv_sharedlib_from_linklib_cmd='printf %s\n'
lt_cv_shlibpath_overrides_runpath=yes
lt_cv_sys_global_symbol_pipe='/usr/bin/sed -n -e '\''s/^.*[	 ]\([ABCDGIRSTW][ABCDGIRSTW]*\)[	 ][	 ]*\([_A-Za-z][_A-Za-z0-9]*\)$/\1 \2 \2/p'\'' | /usr/bin/sed '\''/ __gnu_lto/d'\'''
lt_cv_sys_global_symbol_to_c_name_address='/usr/bin/sed -n -e '\''s/^: \(.*\) .*$/  {"\1", (void *) 0},/p'\'' -e '\''s/^[ABCDGIRSTW][ABCDGIRSTW]* .* \(.*\)$/  {"\1", (void *) \&\1},/p'\'''
lt_cv_sys_global_symbol_to_c_name_address_lib_prefix='/usr/bin/sed -n -e '\''s/^: \(.*\) .*$/  {"\1", (void *) 0},/p'\'' -e '\''s/^[ABCDGIRSTW][ABCDGIRSTW]* .* \(lib.*\)$/  {"\1", (void *) \&\1},/p'\'' -e '\''s/^[ABCDGIRSTW][ABCDGIRSTW]* .* \(.*\)$/  {"lib\1", (void *) \&\1},/p'\'''
lt_cv_sys_global_symbol_to_cdecl='/usr/bin/sed -n -e '\''s/^T .* \(.*\)$/extern int \1();/p'\'' -e '\''s/^[ABCDGIRSTW][ABCDGIRSTW]* .* \(.*\)$/extern char \1;/p'\'''
lt_cv_sys_global_symbol_to_import=
lt_cv_sys_max_cmd_len=1572864
lt_cv_to_host_file_cmd=func_convert_file_noop
lt_cv_to_tool_file_cmd=func_convert_file_noop
lt_cv_truncate_bin='/usr/bin/dd bs=4096 count=1'
php_cv_cc_rpath=yes

## ----------------- ##
## Output variables. ##
## ----------------- ##

AR='ar'
AWK='nawk'
BUILD_CC='cc'
CC='cc'
CFLAGS='-g -O2'
CONFIGURE_COMMAND=' '\''./configure'\''  '\''--enable-spech'\'''
CONFIGURE_OPTIONS=' '\''--enable-spech'\'''
CPP='cc -E'
CPPFLAGS=' -DHAVE_CONFIG_H'
DEFS='-DHAVE_CONFIG_H'
DLLTOOL='false'
DSYMUTIL=''
DUMPBIN=''
ECHO_C=''
ECHO_N='-n'
ECHO_T=''
EGREP='/usr/bin/grep -E'
EXEEXT=''
FGREP='/usr/bin/grep -F'
FILECMD='file'
GREP='/usr/bin/grep'
LD='/usr/bin/ld -m elf_x86_64'
LDFLAGS=''
LIBOBJS=''
LIBS=''
LIBTOOL='$(SHELL) $(top_builddir)/libtool'
LIPO=''
LN_S='ln -s'
LTLIBOBJS=''
LT_SYS_LIBRARY_PATH=''
MANIFEST_TOOL=':'
NM='/usr/bin/nm -B'
NMEDIT=''
OBJDUMP='objdump'
OBJEXT='o'
OTOOL64=''
OTOOL=''
PACKAGE_BUGREPORT=''
PACKAGE_NAME=''
PACKAGE_STRING=''
PACKAGE_TARNAME=''
PACKAGE_URL=''
PACKAGE_VERSION=''
PATH_SEPARATOR=':'
PKG_CONFIG='/usr/bin/pkg-config'
PKG_CONFIG_LIBDIR=''
PKG_CONFIG_PATH=''
RANLIB='ranlib'
SED='/usr/bin/sed'
SHELL='/bin/bash'
SHLIB_DL_SUFFIX_NAME='so'
SHLIB_SUFFIX_NAME='so'
STRIP='strip'
ac_ct_AR='ar'
ac_ct_CC='cc'
ac_ct_DUMPBIN=''
bindir='${exec_prefix}/bin'
build='x86_64-pc-linux-gnu'
build_alias=''
build_cpu='x86_64'
build_os='linux-gnu'
build_vendor='pc'
datadir='${datarootdir}'
datarootdir='${prefix}/share'
docdir='${datarootdir}/doc/${PACKAGE}'
dvidir='${docdir}'
exec_prefix='$(prefix)'
host='x86_64-pc-linux-gnu'
host_alias='x86_64-pc-linux-gnu'
host_cpu='x86_64'
host_os='linux-gnu'
host_vendor='pc'
htmldir='${docdir}'
includedir='${prefix}/include'
infodir='${datarootdir}/info'
libdir='${exec_prefix}/lib'
libexecdir='${exec_prefix}/libexec'
localedir='${datarootdir}/locale'
localstatedir='${prefix}/var'
mandir='${datarootdir}/man'
oldincludedir='/usr/include'
pdfdir='${docdir}'
prefix='/usr'
program_transform_name='s,x,x,'
psdir='${docdir}'
runstatedir='${localstatedir}/run'
sbindir='${exec_prefix}/sbin'
sharedstatedir='${prefix}/com'
sysconfdir='${prefix}/etc'
target='x86_64-pc-linux-gnu'
target_alias=''
target_cpu='x86_64'
target_os='linux-gnu'
target_vendor='pc'

## ----------- ##
## confdefs.h. ##
## ----------- ##

/* confdefs.h */
#define PACKAGE_NAME ""
#define PACKAGE_TARNAME ""
#define PACKAGE_VERSION ""
#define PACKAGE_STRING ""
#define PACKAGE_BUGREPORT ""
#define PACKAGE_URL ""
#define COMPILE_DL_SPECH 1
#define HAVE_STDIO_H 1
#define HAVE_STDLIB_H 1
#define HAVE_STRING_H 1
#define HAVE_INTTYPES_H 1
#define HAVE_STDINT_H 1
#define HAVE_STRINGS_H 1
#define HAVE_SYS_STAT_H 1
#define HAVE_SYS_TYPES_H 1
#define HAVE_UNISTD_H 1
#define STDC_HEADERS 1
#define HAVE_DLFCN_H 1
#define LT_OBJDIR ".libs/"

configure: exit 0
